0 silly input [ 'publish' ]
1 silly flags { _: [ 'publish' ] }
2 verbose rootPath /Users/esoj/Proyectos/styled-bootstrap
3 info version 2.1.0
4 silly isInitialized
5 silly isInitialized true
6 silly existsSync /Users/esoj/Proyectos/styled-bootstrap/VERSION
7 silly initialize attempt
8 info current version 0.1.6-1
9 silly getUpdates
10 info Checking for updated packages...
11 silly hasTags
12 verbose hasTags true
13 silly getLastTag
14 verbose getLastTag v0.1.6-1
15 info Comparing with v0.1.6-1.
16 silly diffSinceIn v0.1.6-1 /Users/esoj/Proyectos/styled-bootstrap/components/Button
17 silly diff
18 silly diffSinceIn v0.1.6-1 /Users/esoj/Proyectos/styled-bootstrap/utils
19 silly diff utils/es/index.js
19 silly diff utils/lib/index.js
19 silly diff utils/package.json
19 silly diff utils/src/variables/colors.js
19 silly diff utils/src/variables/components.js
19 silly diff utils/src/variables/fonts.js
19 silly diff utils/src/variables/options.js
19 silly diff utils/src/variables/spacing.js
20 verbose updated @styled-bootstrap/utils
21 silly collectDependents
22 silly isPackageDependentOf @styled-bootstrap/button @styled-bootstrap/utils
23 silly isPackageDependentOf @styled-bootstrap/utils @styled-bootstrap/utils
24 silly collectUpdates
25 verbose has filtered update @styled-bootstrap/utils
26 silly initialize success
27 silly execute attempt
28 silly isDetachedHead
29 silly getCurrentBranch
30 verbose getCurrentBranch master
31 verbose isDetachedHead false
32 silly addFile /Users/esoj/Proyectos/styled-bootstrap/lerna.json
33 silly addFile /Users/esoj/Proyectos/styled-bootstrap/utils/package.json
34 silly commit v0.1.6-2
35 verbose commit [ 'commit', '-m', 'v0.1.6-2' ]
36 silly addTag v0.1.6-2
37 info publish Publishing packages to npm...
38 silly existsSync /Users/esoj/Proyectos/styled-bootstrap/utils/scripts/prepublish.js
39 verbose execScript No prepublish script found at /Users/esoj/Proyectos/styled-bootstrap/utils/scripts/prepublish.js
40 verbose publishing @styled-bootstrap/utils
41 silly publishTaggedInDir latest utils
42 silly getExecOpts { cwd: '/Users/esoj/Proyectos/styled-bootstrap/utils' }
43 error publish Retrying failed publish: @styled-bootstrap/utils
44 verbose publish error Error: Command failed: npm publish --tag latest
44 verbose publish error npm WARN prepublish-on-install As of npm@5, `prepublish` scripts will run only for `npm publish`.
44 verbose publish error npm WARN prepublish-on-install (In npm@4 and previous versions, it also runs for `npm install`.)
44 verbose publish error npm WARN prepublish-on-install See the deprecation note in `npm help scripts` for more information.
44 verbose publish error The following options have been renamed — please update your config: dest -> file
44 verbose publish error The following options have been renamed — please update your config: dest -> file
44 verbose publish error npm ERR! publish Failed PUT 402
44 verbose publish error npm ERR! code E402
44 verbose publish error npm ERR! You must sign up for private packages : @styled-bootstrap/utils
44 verbose publish error
44 verbose publish error npm ERR! A complete log of this run can be found in:
44 verbose publish error npm ERR!     /Users/esoj/.npm/_logs/2017-08-27T16_23_27_448Z-debug.log
44 verbose publish error
44 verbose publish error > @styled-bootstrap/utils@0.1.6-2 prepublish /Users/esoj/Proyectos/styled-bootstrap/utils
44 verbose publish error > node ../scripts/prepublish.js
44 verbose publish error
44 verbose publish error styled-bootstrap@0.1.4
44 verbose publish error
44 verbose publish error => Clean dist.
44 verbose publish error
44 verbose publish error => Copy LICENSE.
44 verbose publish error
44 verbose publish error     at Promise.all.then.arr (/Users/esoj/.nvm/versions/node/v6.11.0/lib/node_modules/lerna/node_modules/execa/index.js:236:11)
44 verbose publish error     at process._tickCallback (internal/process/next_tick.js:109:7)
45 verbose publishing @styled-bootstrap/utils
46 silly publishTaggedInDir latest utils
47 silly getExecOpts { cwd: '/Users/esoj/Proyectos/styled-bootstrap/utils' }
48 error publish Retrying failed publish: @styled-bootstrap/utils
49 verbose publish error Error: Command failed: npm publish --tag latest
49 verbose publish error npm WARN prepublish-on-install As of npm@5, `prepublish` scripts will run only for `npm publish`.
49 verbose publish error npm WARN prepublish-on-install (In npm@4 and previous versions, it also runs for `npm install`.)
49 verbose publish error npm WARN prepublish-on-install See the deprecation note in `npm help scripts` for more information.
49 verbose publish error The following options have been renamed — please update your config: dest -> file
49 verbose publish error The following options have been renamed — please update your config: dest -> file
49 verbose publish error npm ERR! publish Failed PUT 402
49 verbose publish error npm ERR! code E402
49 verbose publish error npm ERR! You must sign up for private packages : @styled-bootstrap/utils
49 verbose publish error
49 verbose publish error npm ERR! A complete log of this run can be found in:
49 verbose publish error npm ERR!     /Users/esoj/.npm/_logs/2017-08-27T16_23_32_170Z-debug.log
49 verbose publish error
49 verbose publish error > @styled-bootstrap/utils@0.1.6-2 prepublish /Users/esoj/Proyectos/styled-bootstrap/utils
49 verbose publish error > node ../scripts/prepublish.js
49 verbose publish error
49 verbose publish error styled-bootstrap@0.1.4
49 verbose publish error
49 verbose publish error => Clean dist.
49 verbose publish error
49 verbose publish error => Copy LICENSE.
49 verbose publish error
49 verbose publish error     at Promise.all.then.arr (/Users/esoj/.nvm/versions/node/v6.11.0/lib/node_modules/lerna/node_modules/execa/index.js:236:11)
49 verbose publish error     at process._tickCallback (internal/process/next_tick.js:109:7)
50 verbose publishing @styled-bootstrap/utils
51 silly publishTaggedInDir latest utils
52 silly getExecOpts { cwd: '/Users/esoj/Proyectos/styled-bootstrap/utils' }
53 error publish Retrying failed publish: @styled-bootstrap/utils
54 verbose publish error Error: Command failed: npm publish --tag latest
54 verbose publish error npm WARN prepublish-on-install As of npm@5, `prepublish` scripts will run only for `npm publish`.
54 verbose publish error npm WARN prepublish-on-install (In npm@4 and previous versions, it also runs for `npm install`.)
54 verbose publish error npm WARN prepublish-on-install See the deprecation note in `npm help scripts` for more information.
54 verbose publish error The following options have been renamed — please update your config: dest -> file
54 verbose publish error The following options have been renamed — please update your config: dest -> file
54 verbose publish error npm ERR! publish Failed PUT 402
54 verbose publish error npm ERR! code E402
54 verbose publish error npm ERR! You must sign up for private packages : @styled-bootstrap/utils
54 verbose publish error
54 verbose publish error npm ERR! A complete log of this run can be found in:
54 verbose publish error npm ERR!     /Users/esoj/.npm/_logs/2017-08-27T16_23_36_774Z-debug.log
54 verbose publish error
54 verbose publish error > @styled-bootstrap/utils@0.1.6-2 prepublish /Users/esoj/Proyectos/styled-bootstrap/utils
54 verbose publish error > node ../scripts/prepublish.js
54 verbose publish error
54 verbose publish error styled-bootstrap@0.1.4
54 verbose publish error
54 verbose publish error => Clean dist.
54 verbose publish error
54 verbose publish error => Copy LICENSE.
54 verbose publish error
54 verbose publish error     at Promise.all.then.arr (/Users/esoj/.nvm/versions/node/v6.11.0/lib/node_modules/lerna/node_modules/execa/index.js:236:11)
54 verbose publish error     at process._tickCallback (internal/process/next_tick.js:109:7)
55 verbose publishing @styled-bootstrap/utils
56 silly publishTaggedInDir latest utils
57 silly getExecOpts { cwd: '/Users/esoj/Proyectos/styled-bootstrap/utils' }
58 error publish Retrying failed publish: @styled-bootstrap/utils
59 verbose publish error Error: Command failed: npm publish --tag latest
59 verbose publish error npm WARN prepublish-on-install As of npm@5, `prepublish` scripts will run only for `npm publish`.
59 verbose publish error npm WARN prepublish-on-install (In npm@4 and previous versions, it also runs for `npm install`.)
59 verbose publish error npm WARN prepublish-on-install See the deprecation note in `npm help scripts` for more information.
59 verbose publish error The following options have been renamed — please update your config: dest -> file
59 verbose publish error The following options have been renamed — please update your config: dest -> file
59 verbose publish error npm ERR! publish Failed PUT 402
59 verbose publish error npm ERR! code E402
59 verbose publish error npm ERR! You must sign up for private packages : @styled-bootstrap/utils
59 verbose publish error
59 verbose publish error npm ERR! A complete log of this run can be found in:
59 verbose publish error npm ERR!     /Users/esoj/.npm/_logs/2017-08-27T16_23_41_079Z-debug.log
59 verbose publish error
59 verbose publish error > @styled-bootstrap/utils@0.1.6-2 prepublish /Users/esoj/Proyectos/styled-bootstrap/utils
59 verbose publish error > node ../scripts/prepublish.js
59 verbose publish error
59 verbose publish error styled-bootstrap@0.1.4
59 verbose publish error
59 verbose publish error => Clean dist.
59 verbose publish error
59 verbose publish error => Copy LICENSE.
59 verbose publish error
59 verbose publish error     at Promise.all.then.arr (/Users/esoj/.nvm/versions/node/v6.11.0/lib/node_modules/lerna/node_modules/execa/index.js:236:11)
59 verbose publish error     at process._tickCallback (internal/process/next_tick.js:109:7)
60 verbose publishing @styled-bootstrap/utils
61 silly publishTaggedInDir latest utils
62 silly getExecOpts { cwd: '/Users/esoj/Proyectos/styled-bootstrap/utils' }
63 error publish Ran out of retries while publishing @styled-bootstrap/utils Error: Command failed: npm publish --tag latest
63 error publish npm WARN prepublish-on-install As of npm@5, `prepublish` scripts will run only for `npm publish`.
63 error publish npm WARN prepublish-on-install (In npm@4 and previous versions, it also runs for `npm install`.)
63 error publish npm WARN prepublish-on-install See the deprecation note in `npm help scripts` for more information.
63 error publish The following options have been renamed — please update your config: dest -> file
63 error publish The following options have been renamed — please update your config: dest -> file
63 error publish npm ERR! publish Failed PUT 402
63 error publish npm ERR! code E402
63 error publish npm ERR! You must sign up for private packages : @styled-bootstrap/utils
63 error publish
63 error publish npm ERR! A complete log of this run can be found in:
63 error publish npm ERR!     /Users/esoj/.npm/_logs/2017-08-27T16_23_45_801Z-debug.log
63 error publish
63 error publish > @styled-bootstrap/utils@0.1.6-2 prepublish /Users/esoj/Proyectos/styled-bootstrap/utils
63 error publish > node ../scripts/prepublish.js
63 error publish
63 error publish styled-bootstrap@0.1.4
63 error publish
63 error publish => Clean dist.
63 error publish
63 error publish => Copy LICENSE.
63 error publish
63 error publish     at Promise.all.then.arr (/Users/esoj/.nvm/versions/node/v6.11.0/lib/node_modules/lerna/node_modules/execa/index.js:236:11)
63 error publish     at process._tickCallback (internal/process/next_tick.js:109:7)
64 error execute callback with error
64 error execute  Error: Command failed: npm publish --tag latest
64 error execute npm WARN prepublish-on-install As of npm@5, `prepublish` scripts will run only for `npm publish`.
64 error execute npm WARN prepublish-on-install (In npm@4 and previous versions, it also runs for `npm install`.)
64 error execute npm WARN prepublish-on-install See the deprecation note in `npm help scripts` for more information.
64 error execute The following options have been renamed — please update your config: dest -> file
64 error execute The following options have been renamed — please update your config: dest -> file
64 error execute npm ERR! publish Failed PUT 402
64 error execute npm ERR! code E402
64 error execute npm ERR! You must sign up for private packages : @styled-bootstrap/utils
64 error execute
64 error execute npm ERR! A complete log of this run can be found in:
64 error execute npm ERR!     /Users/esoj/.npm/_logs/2017-08-27T16_23_45_801Z-debug.log
64 error execute
64 error execute > @styled-bootstrap/utils@0.1.6-2 prepublish /Users/esoj/Proyectos/styled-bootstrap/utils
64 error execute > node ../scripts/prepublish.js
64 error execute
64 error execute styled-bootstrap@0.1.4
64 error execute
64 error execute => Clean dist.
64 error execute
64 error execute => Copy LICENSE.
64 error execute
64 error execute     at Promise.all.then.arr (/Users/esoj/.nvm/versions/node/v6.11.0/lib/node_modules/lerna/node_modules/execa/index.js:236:11)
64 error execute     at process._tickCallback (internal/process/next_tick.js:109:7)
